{
  "RSpec": {
    "coverage": {
      "/Users/rajeshsah/tutorial/calulator/lib/calculator.rb": [
        null,
        1,
        null,
        1,
        5,
        null,
        null,
        1,
        4,
        null,
        null,
        1,
        1,
        null,
        null,
        1,
        3,
        null,
        null,
        1,
        1,
        null,
        null,
        1,
        0,
        null,
        null
      ],
      "/Users/rajeshsah/tutorial/calulator/lib/parser.rb": [
        null,
        1,
        1,
        0,
        null,
        null,
        1,
        0,
        null,
        null,
        1,
        0,
        0,
        0,
        null,
        null,
        null,
        null
      ]
    },
    "timestamp": 1433761442
  }
}
